[2019-10-14 23:57:23] local.ERROR: include(C:\pogramas\latinder\vendor\composer/../nesbot/carbon/src/Carbon/Traits/Mixin.php): failed to open stream: No such file or directory {"exception":"[object] (ErrorException(code: 0): include(C:\\pogramas\\latinder\\vendor\\composer/../nesbot/carbon/src/Carbon/Traits/Mixin.php): failed to open stream: No such file or directory at C:\\pogramas\\latinder\\vendor\\composer\\ClassLoader.php:444)
[stacktrace]
#0 C:\\pogramas\\latinder\\vendor\\composer\\ClassLoader.php(444): Illuminate\\Foundation\\Bootstrap\\HandleExceptions->handleError(2, 'include(C:\\\\pogr...', 'C:\\\\pogramas\\\\lat...', 444, Array)
#1 C:\\pogramas\\latinder\\vendor\\composer\\ClassLoader.php(444): include()
#2 C:\\pogramas\\latinder\\vendor\\composer\\ClassLoader.php(322): Composer\\Autoload\\includeFile('C:\\\\pogramas\\\\lat...')
#3 [internal function]: Composer\\Autoload\\ClassLoader->loadClass('Carbon\\\\Traits\\\\M...')
#4 C:\\pogramas\\latinder\\vendor\
esbot\\carbon\\src\\Carbon\\Traits\\Macro.php(33): spl_autoload_call('Carbon\\\\Traits\\\\M...')
#5 C:\\pogramas\\latinder\\vendor\\composer\\ClassLoader.php(444): include('C:\\\\pogramas\\\\lat...')
#6 C:\\pogramas\\latinder\\vendor\\composer\\ClassLoader.php(322): Composer\\Autoload\\includeFile('C:\\\\pogramas\\\\lat...')
#7 [internal function]: Composer\\Autoload\\ClassLoader->loadClass('Carbon\\\\Traits\\\\M...')
#8 C:\\pogramas\\latinder\\vendor\
esbot\\carbon\\src\\Carbon\\Traits\\Date.php(524): spl_autoload_call('Carbon\\\\Traits\\\\M...')
#9 C:\\pogramas\\latinder\\vendor\\composer\\ClassLoader.php(444): include('C:\\\\pogramas\\\\lat...')
#10 C:\\pogramas\\latinder\\vendor\\composer\\ClassLoader.php(322): Composer\\Autoload\\includeFile('C:\\\\pogramas\\\\lat...')
#11 [internal function]: Composer\\Autoload\\ClassLoader->loadClass('Carbon\\\\Traits\\\\D...')
#12 C:\\pogramas\\latinder\\vendor\
esbot\\carbon\\src\\Carbon\\Carbon.php(511): spl_autoload_call('Carbon\\\\Traits\\\\D...')
#13 C:\\pogramas\\latinder\\vendor\\composer\\ClassLoader.php(444): include('C:\\\\pogramas\\\\lat...')
#14 C:\\pogramas\\latinder\\vendor\\composer\\ClassLoader.php(322): Composer\\Autoload\\includeFile('C:\\\\pogramas\\\\lat...')
#15 [internal function]: Composer\\Autoload\\ClassLoader->loadClass('Carbon\\\\Carbon')
#16 C:\\pogramas\\latinder\\vendor\
esbot\\carbon\\src\\Carbon\\Laravel\\ServiceProvider.php(40): spl_autoload_call('Carbon\\\\Carbon')
#17 C:\\pogramas\\latinder\\vendor\
esbot\\carbon\\src\\Carbon\\Laravel\\ServiceProvider.php(20): Carbon\\Laravel\\ServiceProvider->updateLocale()
#18 [internal function]: Carbon\\Laravel\\ServiceProvider->boot()
#19 C:\\pogramas\\latinder\\vendor\\laravel\\framework\\src\\Illuminate\\Container\\BoundMethod.php(32): call_user_func_array(Array, Array)
#20 C:\\pogramas\\latinder\\vendor\\laravel\\framework\\src\\Illuminate\\Container\\BoundMethod.php(90): Illuminate\\Container\\BoundMethod::Illuminate\\Container\\{closure}()
#21 C:\\pogramas\\latinder\\vendor\\laravel\\framework\\src\\Illuminate\\Container\\BoundMethod.php(34): Illuminate\\Container\\BoundMethod::callBoundMethod(Object(Illuminate\\Foundation\\Application), Array, Object(Closure))
#22 C:\\pogramas\\latinder\\vendor\\laravel\\framework\\src\\Illuminate\\Container\\Container.php(576): Illuminate\\Container\\BoundMethod::call(Object(Illuminate\\Foundation\\Application), Array, Array, NULL)
#23 C:\\pogramas\\latinder\\vendor\\laravel\\framework\\src\\Illuminate\\Foundation\\Application.php(827): Illuminate\\Container\\Container->call(Array)
#24 C:\\pogramas\\latinder\\vendor\\laravel\\framework\\src\\Illuminate\\Foundation\\Application.php(810): Illuminate\\Foundation\\Application->bootProvider(Object(Carbon\\Laravel\\ServiceProvider))
#25 [internal function]: Illuminate\\Foundation\\Application->Illuminate\\Foundation\\{closure}(Object(Carbon\\Laravel\\ServiceProvider), 16)
#26 C:\\pogramas\\latinder\\vendor\\laravel\\framework\\src\\Illuminate\\Foundation\\Application.php(811): array_walk(Array, Object(Closure))
#27 C:\\pogramas\\latinder\\vendor\\laravel\\framework\\src\\Illuminate\\Foundation\\Bootstrap\\BootProviders.php(17): Illuminate\\Foundation\\Application->boot()
#28 C:\\pogramas\\latinder\\vendor\\laravel\\framework\\src\\Illuminate\\Foundation\\Application.php(210): Illuminate\\Foundation\\Bootstrap\\BootProviders->bootstrap(Object(Illuminate\\Foundation\\Application))
#29 C:\\pogramas\\latinder\\vendor\\laravel\\framework\\src\\Illuminate\\Foundation\\Console\\Kernel.php(322): Illuminate\\Foundation\\Application->bootstrapWith(Array)
#30 C:\\pogramas\\latinder\\vendor\\laravel\\framework\\src\\Illuminate\\Foundation\\Console\\Kernel.php(131): Illuminate\\Foundation\\Console\\Kernel->bootstrap()
#31 C:\\pogramas\\latinder\\artisan(37): Illuminate\\Foundation\\Console\\Kernel->handle(Object(Symfony\\Component\\Console\\Input\\ArgvInput), Object(Symfony\\Component\\Console\\Output\\ConsoleOutput))
#32 {main}
"} 
[2019-10-14 23:57:49] local.ERROR: include(C:\pogramas\latinder\vendor\composer/../nesbot/carbon/src/Carbon/Traits/Mixin.php): failed to open stream: No such file or directory {"exception":"[object] (ErrorException(code: 0): include(C:\\pogramas\\latinder\\vendor\\composer/../nesbot/carbon/src/Carbon/Traits/Mixin.php): failed to open stream: No such file or directory at C:\\pogramas\\latinder\\vendor\\composer\\ClassLoader.php:444)
[stacktrace]
#0 C:\\pogramas\\latinder\\vendor\\composer\\ClassLoader.php(444): Illuminate\\Foundation\\Bootstrap\\HandleExceptions->handleError(2, 'include(C:\\\\pogr...', 'C:\\\\pogramas\\\\lat...', 444, Array)
#1 C:\\pogramas\\latinder\\vendor\\composer\\ClassLoader.php(444): include()
#2 C:\\pogramas\\latinder\\vendor\\composer\\ClassLoader.php(322): Composer\\Autoload\\includeFile('C:\\\\pogramas\\\\lat...')
#3 [internal function]: Composer\\Autoload\\ClassLoader->loadClass('Carbon\\\\Traits\\\\M...')
#4 C:\\pogramas\\latinder\\vendor\
esbot\\carbon\\src\\Carbon\\Traits\\Macro.php(33): spl_autoload_call('Carbon\\\\Traits\\\\M...')
#5 C:\\pogramas\\latinder\\vendor\\composer\\ClassLoader.php(444): include('C:\\\\pogramas\\\\lat...')
#6 C:\\pogramas\\latinder\\vendor\\composer\\ClassLoader.php(322): Composer\\Autoload\\includeFile('C:\\\\pogramas\\\\lat...')
#7 [internal function]: Composer\\Autoload\\ClassLoader->loadClass('Carbon\\\\Traits\\\\M...')
#8 C:\\pogramas\\latinder\\vendor\
esbot\\carbon\\src\\Carbon\\Traits\\Date.php(524): spl_autoload_call('Carbon\\\\Traits\\\\M...')
#9 C:\\pogramas\\latinder\\vendor\\composer\\ClassLoader.php(444): include('C:\\\\pogramas\\\\lat...')
#10 C:\\pogramas\\latinder\\vendor\\composer\\ClassLoader.php(322): Composer\\Autoload\\includeFile('C:\\\\pogramas\\\\lat...')
#11 [internal function]: Composer\\Autoload\\ClassLoader->loadClass('Carbon\\\\Traits\\\\D...')
#12 C:\\pogramas\\latinder\\vendor\
esbot\\carbon\\src\\Carbon\\Carbon.php(511): spl_autoload_call('Carbon\\\\Traits\\\\D...')
#13 C:\\pogramas\\latinder\\vendor\\composer\\ClassLoader.php(444): include('C:\\\\pogramas\\\\lat...')
#14 C:\\pogramas\\latinder\\vendor\\composer\\ClassLoader.php(322): Composer\\Autoload\\includeFile('C:\\\\pogramas\\\\lat...')
#15 [internal function]: Composer\\Autoload\\ClassLoader->loadClass('Carbon\\\\Carbon')
#16 C:\\pogramas\\latinder\\vendor\
esbot\\carbon\\src\\Carbon\\Laravel\\ServiceProvider.php(40): spl_autoload_call('Carbon\\\\Carbon')
#17 C:\\pogramas\\latinder\\vendor\
esbot\\carbon\\src\\Carbon\\Laravel\\ServiceProvider.php(20): Carbon\\Laravel\\ServiceProvider->updateLocale()
#18 [internal function]: Carbon\\Laravel\\ServiceProvider->boot()
#19 C:\\pogramas\\latinder\\vendor\\laravel\\framework\\src\\Illuminate\\Container\\BoundMethod.php(32): call_user_func_array(Array, Array)
#20 C:\\pogramas\\latinder\\vendor\\laravel\\framework\\src\\Illuminate\\Container\\BoundMethod.php(90): Illuminate\\Container\\BoundMethod::Illuminate\\Container\\{closure}()
#21 C:\\pogramas\\latinder\\vendor\\laravel\\framework\\src\\Illuminate\\Container\\BoundMethod.php(34): Illuminate\\Container\\BoundMethod::callBoundMethod(Object(Illuminate\\Foundation\\Application), Array, Object(Closure))
#22 C:\\pogramas\\latinder\\vendor\\laravel\\framework\\src\\Illuminate\\Container\\Container.php(576): Illuminate\\Container\\BoundMethod::call(Object(Illuminate\\Foundation\\Application), Array, Array, NULL)
#23 C:\\pogramas\\latinder\\vendor\\laravel\\framework\\src\\Illuminate\\Foundation\\Application.php(827): Illuminate\\Container\\Container->call(Array)
#24 C:\\pogramas\\latinder\\vendor\\laravel\\framework\\src\\Illuminate\\Foundation\\Application.php(810): Illuminate\\Foundation\\Application->bootProvider(Object(Carbon\\Laravel\\ServiceProvider))
#25 [internal function]: Illuminate\\Foundation\\Application->Illuminate\\Foundation\\{closure}(Object(Carbon\\Laravel\\ServiceProvider), 16)
#26 C:\\pogramas\\latinder\\vendor\\laravel\\framework\\src\\Illuminate\\Foundation\\Application.php(811): array_walk(Array, Object(Closure))
#27 C:\\pogramas\\latinder\\vendor\\laravel\\framework\\src\\Illuminate\\Foundation\\Bootstrap\\BootProviders.php(17): Illuminate\\Foundation\\Application->boot()
#28 C:\\pogramas\\latinder\\vendor\\laravel\\framework\\src\\Illuminate\\Foundation\\Application.php(210): Illuminate\\Foundation\\Bootstrap\\BootProviders->bootstrap(Object(Illuminate\\Foundation\\Application))
#29 C:\\pogramas\\latinder\\vendor\\laravel\\framework\\src\\Illuminate\\Foundation\\Console\\Kernel.php(322): Illuminate\\Foundation\\Application->bootstrapWith(Array)
#30 C:\\pogramas\\latinder\\vendor\\laravel\\framework\\src\\Illuminate\\Foundation\\Console\\Kernel.php(131): Illuminate\\Foundation\\Console\\Kernel->bootstrap()
#31 C:\\pogramas\\latinder\\artisan(37): Illuminate\\Foundation\\Console\\Kernel->handle(Object(Symfony\\Component\\Console\\Input\\ArgvInput), Object(Symfony\\Component\\Console\\Output\\ConsoleOutput))
#32 {main}
"} 
[2019-10-14 23:57:51] local.ERROR: include(C:\pogramas\latinder\vendor\composer/../nesbot/carbon/src/Carbon/Traits/Mixin.php): failed to open stream: No such file or directory {"exception":"[object] (ErrorException(code: 0): include(C:\\pogramas\\latinder\\vendor\\composer/../nesbot/carbon/src/Carbon/Traits/Mixin.php): failed to open stream: No such file or directory at C:\\pogramas\\latinder\\vendor\\composer\\ClassLoader.php:444)
[stacktrace]
#0 C:\\pogramas\\latinder\\vendor\\composer\\ClassLoader.php(444): Illuminate\\Foundation\\Bootstrap\\HandleExceptions->handleError(2, 'include(C:\\\\pogr...', 'C:\\\\pogramas\\\\lat...', 444, Array)
#1 C:\\pogramas\\latinder\\vendor\\composer\\ClassLoader.php(444): include()
#2 C:\\pogramas\\latinder\\vendor\\composer\\ClassLoader.php(322): Composer\\Autoload\\includeFile('C:\\\\pogramas\\\\lat...')
#3 [internal function]: Composer\\Autoload\\ClassLoader->loadClass('Carbon\\\\Traits\\\\M...')
#4 C:\\pogramas\\latinder\\vendor\
esbot\\carbon\\src\\Carbon\\Traits\\Macro.php(33): spl_autoload_call('Carbon\\\\Traits\\\\M...')
#5 C:\\pogramas\\latinder\\vendor\\composer\\ClassLoader.php(444): include('C:\\\\pogramas\\\\lat...')
#6 C:\\pogramas\\latinder\\vendor\\composer\\ClassLoader.php(322): Composer\\Autoload\\includeFile('C:\\\\pogramas\\\\lat...')
#7 [internal function]: Composer\\Autoload\\ClassLoader->loadClass('Carbon\\\\Traits\\\\M...')
#8 C:\\pogramas\\latinder\\vendor\
esbot\\carbon\\src\\Carbon\\Traits\\Date.php(524): spl_autoload_call('Carbon\\\\Traits\\\\M...')
#9 C:\\pogramas\\latinder\\vendor\\composer\\ClassLoader.php(444): include('C:\\\\pogramas\\\\lat...')
#10 C:\\pogramas\\latinder\\vendor\\composer\\ClassLoader.php(322): Composer\\Autoload\\includeFile('C:\\\\pogramas\\\\lat...')
#11 [internal function]: Composer\\Autoload\\ClassLoader->loadClass('Carbon\\\\Traits\\\\D...')
#12 C:\\pogramas\\latinder\\vendor\
esbot\\carbon\\src\\Carbon\\Carbon.php(511): spl_autoload_call('Carbon\\\\Traits\\\\D...')
#13 C:\\pogramas\\latinder\\vendor\\composer\\ClassLoader.php(444): include('C:\\\\pogramas\\\\lat...')
#14 C:\\pogramas\\latinder\\vendor\\composer\\ClassLoader.php(322): Composer\\Autoload\\includeFile('C:\\\\pogramas\\\\lat...')
#15 [internal function]: Composer\\Autoload\\ClassLoader->loadClass('Carbon\\\\Carbon')
#16 C:\\pogramas\\latinder\\vendor\
esbot\\carbon\\src\\Carbon\\Laravel\\ServiceProvider.php(40): spl_autoload_call('Carbon\\\\Carbon')
#17 C:\\pogramas\\latinder\\vendor\
esbot\\carbon\\src\\Carbon\\Laravel\\ServiceProvider.php(20): Carbon\\Laravel\\ServiceProvider->updateLocale()
#18 [internal function]: Carbon\\Laravel\\ServiceProvider->boot()
#19 C:\\pogramas\\latinder\\vendor\\laravel\\framework\\src\\Illuminate\\Container\\BoundMethod.php(32): call_user_func_array(Array, Array)
#20 C:\\pogramas\\latinder\\vendor\\laravel\\framework\\src\\Illuminate\\Container\\BoundMethod.php(90): Illuminate\\Container\\BoundMethod::Illuminate\\Container\\{closure}()
#21 C:\\pogramas\\latinder\\vendor\\laravel\\framework\\src\\Illuminate\\Container\\BoundMethod.php(34): Illuminate\\Container\\BoundMethod::callBoundMethod(Object(Illuminate\\Foundation\\Application), Array, Object(Closure))
#22 C:\\pogramas\\latinder\\vendor\\laravel\\framework\\src\\Illuminate\\Container\\Container.php(576): Illuminate\\Container\\BoundMethod::call(Object(Illuminate\\Foundation\\Application), Array, Array, NULL)
#23 C:\\pogramas\\latinder\\vendor\\laravel\\framework\\src\\Illuminate\\Foundation\\Application.php(827): Illuminate\\Container\\Container->call(Array)
#24 C:\\pogramas\\latinder\\vendor\\laravel\\framework\\src\\Illuminate\\Foundation\\Application.php(810): Illuminate\\Foundation\\Application->bootProvider(Object(Carbon\\Laravel\\ServiceProvider))
#25 [internal function]: Illuminate\\Foundation\\Application->Illuminate\\Foundation\\{closure}(Object(Carbon\\Laravel\\ServiceProvider), 16)
#26 C:\\pogramas\\latinder\\vendor\\laravel\\framework\\src\\Illuminate\\Foundation\\Application.php(811): array_walk(Array, Object(Closure))
#27 C:\\pogramas\\latinder\\vendor\\laravel\\framework\\src\\Illuminate\\Foundation\\Bootstrap\\BootProviders.php(17): Illuminate\\Foundation\\Application->boot()
#28 C:\\pogramas\\latinder\\vendor\\laravel\\framework\\src\\Illuminate\\Foundation\\Application.php(210): Illuminate\\Foundation\\Bootstrap\\BootProviders->bootstrap(Object(Illuminate\\Foundation\\Application))
#29 C:\\pogramas\\latinder\\vendor\\laravel\\framework\\src\\Illuminate\\Foundation\\Console\\Kernel.php(322): Illuminate\\Foundation\\Application->bootstrapWith(Array)
#30 C:\\pogramas\\latinder\\vendor\\laravel\\framework\\src\\Illuminate\\Foundation\\Console\\Kernel.php(131): Illuminate\\Foundation\\Console\\Kernel->bootstrap()
#31 C:\\pogramas\\latinder\\artisan(37): Illuminate\\Foundation\\Console\\Kernel->handle(Object(Symfony\\Component\\Console\\Input\\ArgvInput), Object(Symfony\\Component\\Console\\Output\\ConsoleOutput))
#32 {main}
"} 
